EXAMPLES:

1. Tabulated EOS

> kepler -f eos/eosA -e 1e15
eos/eosA,  MDIVxSDIV=65x129
ratio   e_15    M       M_0     r_star  spin    Omega_K I       J/M^2
        g/cm^3  sun     sun     km      s-1     s-1     g cm^2  

1.000    1.0    0.810   0.863   9.945    0.0    10451.0         0.00    0.000 
0.950    1.0    0.831   0.886   10.208  2765.8  10161.8         0.52    0.237 
0.900    1.0    0.854   0.910   10.500  3894.8  9906.4  0.56    0.340 
0.850    1.0    0.879   0.937   10.829  4735.1  9630.1  0.60    0.421 
0.800    1.0    0.906   0.967   11.205  5412.3  9321.1  0.65    0.491 
0.750    1.0    0.934   0.997   11.640  5969.9  8964.6  0.71    0.551 
0.700    1.0    0.962   1.028   12.156  6421.0  8541.5  0.76    0.603 
0.650    1.0    0.988   1.056   12.786  6758.5  8024.6  0.82    0.644 
0.600    1.0    1.004   1.074   13.591  6953.5  7372.2  0.85    0.668 
0.550    1.0    1.004   1.074   14.675  6951.2  6546.2  0.85    0.668 
0.575    1.0    1.007   1.077   14.091  6980.8  6980.8  0.86    0.672 


2. Polytropic EOS: Conventions for polytropes are as described in:
Cook, Shapiro & Teukolsky 1994, APJ 422, 227-242
Dimensionless units are used. In order to get physical quantities,
the results have to be rescaled as is described in CST. 

2a) Compare the last line of this printout with Table 3 of CST,
line number 2. 

> kepler -q poly -N 1.0 -e 0.137
polytrope with N=1.000000, MDIVxSDIV=65x129
ratio   e_15    M       M_0     r_star  spin    Omega_K I       J/M^2

1.000   0.137   0.138   0.148   0.967   0.000   0.390   0.00    0.000 
0.950   0.137   0.141   0.151   0.992   0.105   0.378   0.04    0.193 
0.900   0.137   0.144   0.155   1.020   0.147   0.368   0.05    0.277 
0.850   0.137   0.148   0.159   1.052   0.178   0.357   0.05    0.343 
0.800   0.137   0.152   0.164   1.088   0.203   0.345   0.05    0.400 
0.750   0.137   0.156   0.168   1.131   0.223   0.331   0.06    0.450 
0.700   0.137   0.160   0.173   1.181   0.239   0.315   0.06    0.493 
0.650   0.137   0.164   0.177   1.243   0.251   0.296   0.07    0.529 
0.600   0.137   0.167   0.180   1.320   0.257   0.272   0.07    0.551 
0.550   0.137   0.167   0.180   1.423   0.257   0.242   0.07    0.551 
0.575   0.137   0.167   0.180   1.367   0.258   0.258   0.07    0.555 

2b) Compare the last line of this printout with Figures 8, 10, 11 of 
CST. The results for M, r_star, spin, J/M^2 should agree with values
found at the intersection of the dashed curve and the curve labelled 
0.197 on these plots. (I'm assuming that the baryonic mass 0.193 is
close enough to 0.197)
> kepler -q poly -N 1.5 -e 0.005
polytrope with N=1.500000, MDIVxSDIV=65x129
ratio   e_15    M       M_0     r_star  spin    Omega_K I       J/M^2

1.000   0.005   0.164   0.167   3.682   0.000   0.057   0.00    0.000 
0.950   0.005   0.167   0.170   3.799   0.016   0.055   0.51    0.277 
0.900   0.005   0.171   0.174   3.933   0.022   0.053   0.54    0.395 
0.850   0.005   0.175   0.178   4.086   0.027   0.051   0.58    0.486 
0.800   0.005   0.179   0.183   4.265   0.030   0.049   0.62    0.562 
0.750   0.005   0.183   0.187   4.477   0.033   0.046   0.66    0.625 
0.700   0.005   0.186   0.190   4.733   0.035   0.043   0.70    0.674 
0.650   0.005   0.189   0.192   5.048   0.036   0.039   0.73    0.705 
0.600   0.005   0.189   0.193   5.446   0.036   0.035   0.73    0.711 
0.615   0.005   0.189   0.193   5.314   0.036   0.036   0.74    0.712 

2c) Compare the first line of output (nonrotating star) with 
the values reported by CST in their figures 10 and 11. Their
nonrotating stars lie on the solid curves. 
> kepler -q poly -N 1.5 -e 0.01
polytrope with N=1.500000, MDIVxSDIV=65x129
ratio   e_15    M       M_0     r_star  spin    Omega_K I       J/M^2

1.000   0.010   0.202   0.207   3.174   0.000   0.079   0.00    0.000 
0.950   0.010   0.206   0.212   3.273   0.022   0.077   0.47    0.234 
0.900   0.010   0.211   0.216   3.385   0.031   0.074   0.50    0.333 
0.850   0.010   0.215   0.221   3.515   0.037   0.071   0.54    0.409 
0.800   0.010   0.220   0.226   3.666   0.042   0.067   0.57    0.472 
0.750   0.010   0.224   0.230   3.845   0.046   0.064   0.61    0.524 
0.700   0.010   0.228   0.234   4.061   0.048   0.059   0.64    0.565 
0.650   0.010   0.230   0.237   4.327   0.050   0.054   0.67    0.590 
0.600   0.010   0.231   0.237   4.662   0.050   0.048   0.67    0.594 
0.615   0.010   0.231   0.237   4.550   0.050   0.050   0.67    0.596 

